<?xml version="1.0" encoding="UTF-8"?>
<testsuite xmlns:xsi="http://www.w3.org/2001/XMLSchema-instance" xsi:noNamespaceSchemaLocation="https://maven.apache.org/surefire/maven-surefire-plugin/xsd/surefire-test-report-3.0.xsd" version="3.0" name="com.hungpham.identityservice.controller.UserControllerIntegrationTest" time="10.731" tests="1" errors="0" skipped="0" failures="0">
  <properties>
    <property name="java.specification.version" value="22"/>
    <property name="sonar.login" value="sqp_b0a2a6308bf20e007e50e16e23e18df9843198c2"/>
    <property name="sonar.host.url" value="http://localhost:9000"/>
    <property name="sun.jnu.encoding" value="UTF-8"/>
    <property name="java.class.path" value="/Users/phamngochung/Downloads/identityservice/target/test-classes:/Users/phamngochung/Downloads/identityservice/target/classes:/Users/phamngochung/.m2/repository/org/springframework/boot/spring-boot-starter-data-jpa/3.2.10/spring-boot-starter-data-jpa-3.2.10.jar:/Users/phamngochung/.m2/repository/org/springframework/boot/spring-boot-starter-aop/3.2.10/spring-boot-starter-aop-3.2.10.jar:/Users/phamngochung/.m2/repository/org/springframework/spring-aop/6.1.13/spring-aop-6.1.13.jar:/Users/phamngochung/.m2/repository/org/aspectj/aspectjweaver/1.9.22.1/aspectjweaver-1.9.22.1.jar:/Users/phamngochung/.m2/repository/org/springframework/boot/spring-boot-starter-jdbc/3.2.10/spring-boot-starter-jdbc-3.2.10.jar:/Users/phamngochung/.m2/repository/com/zaxxer/HikariCP/5.0.1/HikariCP-5.0.1.jar:/Users/phamngochung/.m2/repository/org/springframework/spring-jdbc/6.1.13/spring-jdbc-6.1.13.jar:/Users/phamngochung/.m2/repository/org/hibernate/orm/hibernate-core/6.4.10.Final/hibernate-core-6.4.10.Final.jar:/Users/phamngochung/.m2/repository/jakarta/persistence/jakarta.persistence-api/3.1.0/jakarta.persistence-api-3.1.0.jar:/Users/phamngochung/.m2/repository/jakarta/transaction/jakarta.transaction-api/2.0.1/jakarta.transaction-api-2.0.1.jar:/Users/phamngochung/.m2/repository/org/jboss/logging/jboss-logging/3.5.3.Final/jboss-logging-3.5.3.Final.jar:/Users/phamngochung/.m2/repository/org/hibernate/common/hibernate-commons-annotations/6.0.6.Final/hibernate-commons-annotations-6.0.6.Final.jar:/Users/phamngochung/.m2/repository/io/smallrye/jandex/3.1.2/jandex-3.1.2.jar:/Users/phamngochung/.m2/repository/com/fasterxml/classmate/1.6.0/classmate-1.6.0.jar:/Users/phamngochung/.m2/repository/org/glassfish/jaxb/jaxb-runtime/4.0.5/jaxb-runtime-4.0.5.jar:/Users/phamngochung/.m2/repository/org/glassfish/jaxb/jaxb-core/4.0.5/jaxb-core-4.0.5.jar:/Users/phamngochung/.m2/repository/org/eclipse/angus/angus-activation/2.0.2/angus-activation-2.0.2.jar:/Users/phamngochung/.m2/repository/org/glassfish/jaxb/txw2/4.0.5/txw2-4.0.5.jar:/Users/phamngochung/.m2/repository/com/sun/istack/istack-commons-runtime/4.1.2/istack-commons-runtime-4.1.2.jar:/Users/phamngochung/.m2/repository/jakarta/inject/jakarta.inject-api/2.0.1/jakarta.inject-api-2.0.1.jar:/Users/phamngochung/.m2/repository/org/antlr/antlr4-runtime/4.13.0/antlr4-runtime-4.13.0.jar:/Users/phamngochung/.m2/repository/org/springframework/data/spring-data-jpa/3.2.10/spring-data-jpa-3.2.10.jar:/Users/phamngochung/.m2/repository/org/springframework/data/spring-data-commons/3.2.10/spring-data-commons-3.2.10.jar:/Users/phamngochung/.m2/repository/org/springframework/spring-orm/6.1.13/spring-orm-6.1.13.jar:/Users/phamngochung/.m2/repository/org/springframework/spring-context/6.1.13/spring-context-6.1.13.jar:/Users/phamngochung/.m2/repository/org/springframework/spring-tx/6.1.13/spring-tx-6.1.13.jar:/Users/phamngochung/.m2/repository/org/springframework/spring-beans/6.1.13/spring-beans-6.1.13.jar:/Users/phamngochung/.m2/repository/jakarta/annotation/jakarta.annotation-api/2.1.1/jakarta.annotation-api-2.1.1.jar:/Users/phamngochung/.m2/repository/org/slf4j/slf4j-api/2.0.16/slf4j-api-2.0.16.jar:/Users/phamngochung/.m2/repository/org/springframework/spring-aspects/6.1.13/spring-aspects-6.1.13.jar:/Users/phamngochung/.m2/repository/com/fasterxml/jackson/datatype/jackson-datatype-jsr310/2.15.4/jackson-datatype-jsr310-2.15.4.jar:/Users/phamngochung/.m2/repository/com/fasterxml/jackson/core/jackson-annotations/2.15.4/jackson-annotations-2.15.4.jar:/Users/phamngochung/.m2/repository/com/fasterxml/jackson/core/jackson-core/2.15.4/jackson-core-2.15.4.jar:/Users/phamngochung/.m2/repository/com/fasterxml/jackson/core/jackson-databind/2.15.4/jackson-databind-2.15.4.jar:/Users/phamngochung/.m2/repository/org/assertj/assertj-core/3.24.2/assertj-core-3.24.2.jar:/Users/phamngochung/.m2/repository/net/bytebuddy/byte-buddy/1.14.19/byte-buddy-1.14.19.jar:/Users/phamngochung/.m2/repository/org/springframework/boot/spring-boot-starter-web/3.2.10/spring-boot-starter-web-3.2.10.jar:/Users/phamngochung/.m2/repository/org/springframework/boot/spring-boot-starter/3.2.10/spring-boot-starter-3.2.10.jar:/Users/phamngochung/.m2/repository/org/springframework/boot/spring-boot/3.2.10/spring-boot-3.2.10.jar:/Users/phamngochung/.m2/repository/org/springframework/boot/spring-boot-autoconfigure/3.2.10/spring-boot-autoconfigure-3.2.10.jar:/Users/phamngochung/.m2/repository/org/springframework/boot/spring-boot-starter-logging/3.2.10/spring-boot-starter-logging-3.2.10.jar:/Users/phamngochung/.m2/repository/ch/qos/logback/logback-classic/1.4.14/logback-classic-1.4.14.jar:/Users/phamngochung/.m2/repository/ch/qos/logback/logback-core/1.4.14/logback-core-1.4.14.jar:/Users/phamngochung/.m2/repository/org/apache/logging/log4j/log4j-to-slf4j/2.21.1/log4j-to-slf4j-2.21.1.jar:/Users/phamngochung/.m2/repository/org/apache/logging/log4j/log4j-api/2.21.1/log4j-api-2.21.1.jar:/Users/phamngochung/.m2/repository/org/slf4j/jul-to-slf4j/2.0.16/jul-to-slf4j-2.0.16.jar:/Users/phamngochung/.m2/repository/org/yaml/snakeyaml/2.2/snakeyaml-2.2.jar:/Users/phamngochung/.m2/repository/org/springframework/boot/spring-boot-starter-json/3.2.10/spring-boot-starter-json-3.2.10.jar:/Users/phamngochung/.m2/repository/com/fasterxml/jackson/datatype/jackson-datatype-jdk8/2.15.4/jackson-datatype-jdk8-2.15.4.jar:/Users/phamngochung/.m2/repository/com/fasterxml/jackson/module/jackson-module-parameter-names/2.15.4/jackson-module-parameter-names-2.15.4.jar:/Users/phamngochung/.m2/repository/org/springframework/boot/spring-boot-starter-tomcat/3.2.10/spring-boot-starter-tomcat-3.2.10.jar:/Users/phamngochung/.m2/repository/org/apache/tomcat/embed/tomcat-embed-core/10.1.30/tomcat-embed-core-10.1.30.jar:/Users/phamngochung/.m2/repository/org/apache/tomcat/embed/tomcat-embed-websocket/10.1.30/tomcat-embed-websocket-10.1.30.jar:/Users/phamngochung/.m2/repository/org/springframework/spring-web/6.1.13/spring-web-6.1.13.jar:/Users/phamngochung/.m2/repository/io/micrometer/micrometer-observation/1.12.10/micrometer-observation-1.12.10.jar:/Users/phamngochung/.m2/repository/io/micrometer/micrometer-commons/1.12.10/micrometer-commons-1.12.10.jar:/Users/phamngochung/.m2/repository/org/springframework/spring-webmvc/6.1.13/spring-webmvc-6.1.13.jar:/Users/phamngochung/.m2/repository/org/springframework/spring-expression/6.1.13/spring-expression-6.1.13.jar:/Users/phamngochung/.m2/repository/org/springframework/boot/spring-boot-starter-oauth2-resource-server/3.2.10/spring-boot-starter-oauth2-resource-server-3.2.10.jar:/Users/phamngochung/.m2/repository/org/springframework/security/spring-security-config/6.2.6/spring-security-config-6.2.6.jar:/Users/phamngochung/.m2/repository/org/springframework/security/spring-security-core/6.2.6/spring-security-core-6.2.6.jar:/Users/phamngochung/.m2/repository/org/springframework/security/spring-security-oauth2-resource-server/6.2.6/spring-security-oauth2-resource-server-6.2.6.jar:/Users/phamngochung/.m2/repository/org/springframework/security/spring-security-oauth2-core/6.2.6/spring-security-oauth2-core-6.2.6.jar:/Users/phamngochung/.m2/repository/org/springframework/security/spring-security-oauth2-jose/6.2.6/spring-security-oauth2-jose-6.2.6.jar:/Users/phamngochung/.m2/repository/com/nimbusds/nimbus-jose-jwt/9.37.3/nimbus-jose-jwt-9.37.3.jar:/Users/phamngochung/.m2/repository/com/github/stephenc/jcip/jcip-annotations/1.0-1/jcip-annotations-1.0-1.jar:/Users/phamngochung/.m2/repository/org/projectlombok/lombok/1.18.30/lombok-1.18.30.jar:/Users/phamngochung/.m2/repository/org/mapstruct/mapstruct/1.5.5.Final/mapstruct-1.5.5.Final.jar:/Users/phamngochung/.m2/repository/org/springframework/boot/spring-boot-starter-validation/3.2.10/spring-boot-starter-validation-3.2.10.jar:/Users/phamngochung/.m2/repository/org/apache/tomcat/embed/tomcat-embed-el/10.1.30/tomcat-embed-el-10.1.30.jar:/Users/phamngochung/.m2/repository/org/hibernate/validator/hibernate-validator/8.0.1.Final/hibernate-validator-8.0.1.Final.jar:/Users/phamngochung/.m2/repository/jakarta/validation/jakarta.validation-api/3.0.2/jakarta.validation-api-3.0.2.jar:/Users/phamngochung/.m2/repository/org/springframework/security/spring-security-crypto/6.2.6/spring-security-crypto-6.2.6.jar:/Users/phamngochung/.m2/repository/com/mysql/mysql-connector-j/8.3.0/mysql-connector-j-8.3.0.jar:/Users/phamngochung/.m2/repository/org/springframework/boot/spring-boot-starter-test/3.2.10/spring-boot-starter-test-3.2.10.jar:/Users/phamngochung/.m2/repository/org/springframework/boot/spring-boot-test/3.2.10/spring-boot-test-3.2.10.jar:/Users/phamngochung/.m2/repository/org/springframework/boot/spring-boot-test-autoconfigure/3.2.10/spring-boot-test-autoconfigure-3.2.10.jar:/Users/phamngochung/.m2/repository/com/jayway/jsonpath/json-path/2.9.0/json-path-2.9.0.jar:/Users/phamngochung/.m2/repository/jakarta/xml/bind/jakarta.xml.bind-api/4.0.2/jakarta.xml.bind-api-4.0.2.jar:/Users/phamngochung/.m2/repository/jakarta/activation/jakarta.activation-api/2.1.3/jakarta.activation-api-2.1.3.jar:/Users/phamngochung/.m2/repository/net/minidev/json-smart/2.5.1/json-smart-2.5.1.jar:/Users/phamngochung/.m2/repository/net/minidev/accessors-smart/2.5.1/accessors-smart-2.5.1.jar:/Users/phamngochung/.m2/repository/org/ow2/asm/asm/9.6/asm-9.6.jar:/Users/phamngochung/.m2/repository/org/awaitility/awaitility/4.2.2/awaitility-4.2.2.jar:/Users/phamngochung/.m2/repository/org/hamcrest/hamcrest/2.2/hamcrest-2.2.jar:/Users/phamngochung/.m2/repository/org/junit/jupiter/junit-jupiter/5.10.3/junit-jupiter-5.10.3.jar:/Users/phamngochung/.m2/repository/org/junit/jupiter/junit-jupiter-api/5.10.3/junit-jupiter-api-5.10.3.jar:/Users/phamngochung/.m2/repository/org/opentest4j/opentest4j/1.3.0/opentest4j-1.3.0.jar:/Users/phamngochung/.m2/repository/org/junit/platform/junit-platform-commons/1.10.3/junit-platform-commons-1.10.3.jar:/Users/phamngochung/.m2/repository/org/apiguardian/apiguardian-api/1.1.2/apiguardian-api-1.1.2.jar:/Users/phamngochung/.m2/repository/org/junit/jupiter/junit-jupiter-params/5.10.3/junit-jupiter-params-5.10.3.jar:/Users/phamngochung/.m2/repository/org/junit/jupiter/junit-jupiter-engine/5.10.3/junit-jupiter-engine-5.10.3.jar:/Users/phamngochung/.m2/repository/org/junit/platform/junit-platform-engine/1.10.3/junit-platform-engine-1.10.3.jar:/Users/phamngochung/.m2/repository/org/mockito/mockito-core/5.7.0/mockito-core-5.7.0.jar:/Users/phamngochung/.m2/repository/net/bytebuddy/byte-buddy-agent/1.14.19/byte-buddy-agent-1.14.19.jar:/Users/phamngochung/.m2/repository/org/objenesis/objenesis/3.3/objenesis-3.3.jar:/Users/phamngochung/.m2/repository/org/mockito/mockito-junit-jupiter/5.7.0/mockito-junit-jupiter-5.7.0.jar:/Users/phamngochung/.m2/repository/org/skyscreamer/jsonassert/1.5.3/jsonassert-1.5.3.jar:/Users/phamngochung/.m2/repository/com/vaadin/external/google/android-json/0.0.20131108.vaadin1/android-json-0.0.20131108.vaadin1.jar:/Users/phamngochung/.m2/repository/org/springframework/spring-core/6.1.13/spring-core-6.1.13.jar:/Users/phamngochung/.m2/repository/org/springframework/spring-jcl/6.1.13/spring-jcl-6.1.13.jar:/Users/phamngochung/.m2/repository/org/springframework/spring-test/6.1.13/spring-test-6.1.13.jar:/Users/phamngochung/.m2/repository/org/xmlunit/xmlunit-core/2.9.1/xmlunit-core-2.9.1.jar:/Users/phamngochung/.m2/repository/org/springframework/security/spring-security-test/6.2.6/spring-security-test-6.2.6.jar:/Users/phamngochung/.m2/repository/org/springframework/security/spring-security-web/6.2.6/spring-security-web-6.2.6.jar:/Users/phamngochung/.m2/repository/com/h2database/h2/2.2.224/h2-2.2.224.jar:/Users/phamngochung/.m2/repository/org/testcontainers/junit-jupiter/1.19.7/junit-jupiter-1.19.7.jar:/Users/phamngochung/.m2/repository/org/testcontainers/testcontainers/1.19.7/testcontainers-1.19.7.jar:/Users/phamngochung/.m2/repository/junit/junit/4.13.2/junit-4.13.2.jar:/Users/phamngochung/.m2/repository/org/hamcrest/hamcrest-core/2.2/hamcrest-core-2.2.jar:/Users/phamngochung/.m2/repository/org/apache/commons/commons-compress/1.24.0/commons-compress-1.24.0.jar:/Users/phamngochung/.m2/repository/org/rnorth/duct-tape/duct-tape/1.0.8/duct-tape-1.0.8.jar:/Users/phamngochung/.m2/repository/org/jetbrains/annotations/17.0.0/annotations-17.0.0.jar:/Users/phamngochung/.m2/repository/com/github/docker-java/docker-java-api/3.3.6/docker-java-api-3.3.6.jar:/Users/phamngochung/.m2/repository/com/github/docker-java/docker-java-transport-zerodep/3.3.6/docker-java-transport-zerodep-3.3.6.jar:/Users/phamngochung/.m2/repository/com/github/docker-java/docker-java-transport/3.3.6/docker-java-transport-3.3.6.jar:/Users/phamngochung/.m2/repository/net/java/dev/jna/jna/5.13.0/jna-5.13.0.jar:/Users/phamngochung/.m2/repository/org/testcontainers/mysql/1.19.7/mysql-1.19.7.jar:/Users/phamngochung/.m2/repository/org/testcontainers/jdbc/1.19.7/jdbc-1.19.7.jar:/Users/phamngochung/.m2/repository/org/testcontainers/database-commons/1.19.7/database-commons-1.19.7.jar:"/>
    <property name="java.vm.vendor" value="Oracle Corporation"/>
    <property name="sun.arch.data.model" value="64"/>
    <property name="java.vendor.url" value="https://java.oracle.com/"/>
    <property name="user.timezone" value="Asia/Ho_Chi_Minh"/>
    <property name="org.jboss.logging.provider" value="slf4j"/>
    <property name="os.name" value="Mac OS X"/>
    <property name="java.vm.specification.version" value="22"/>
    <property name="sun.java.launcher" value="SUN_STANDARD"/>
    <property name="user.country" value="VN"/>
    <property name="sun.boot.library.path" value="/Users/phamngochung/Library/Java/JavaVirtualMachines/openjdk-22.0.2/Contents/Home/lib"/>
    <property name="sun.java.command" value="/Users/phamngochung/Downloads/identityservice/target/surefire/surefirebooter-20241004002459681_3.jar /Users/phamngochung/Downloads/identityservice/target/surefire 2024-10-04T00-24-59_646-jvmRun1 surefire-20241004002459681_1tmp surefire_0-20241004002459681_2tmp"/>
    <property name="http.nonProxyHosts" value="local|*.local|169.254/16|*.169.254/16"/>
    <property name="jdk.debug" value="release"/>
    <property name="surefire.test.class.path" value="/Users/phamngochung/Downloads/identityservice/target/test-classes:/Users/phamngochung/Downloads/identityservice/target/classes:/Users/phamngochung/.m2/repository/org/springframework/boot/spring-boot-starter-data-jpa/3.2.10/spring-boot-starter-data-jpa-3.2.10.jar:/Users/phamngochung/.m2/repository/org/springframework/boot/spring-boot-starter-aop/3.2.10/spring-boot-starter-aop-3.2.10.jar:/Users/phamngochung/.m2/repository/org/springframework/spring-aop/6.1.13/spring-aop-6.1.13.jar:/Users/phamngochung/.m2/repository/org/aspectj/aspectjweaver/1.9.22.1/aspectjweaver-1.9.22.1.jar:/Users/phamngochung/.m2/repository/org/springframework/boot/spring-boot-starter-jdbc/3.2.10/spring-boot-starter-jdbc-3.2.10.jar:/Users/phamngochung/.m2/repository/com/zaxxer/HikariCP/5.0.1/HikariCP-5.0.1.jar:/Users/phamngochung/.m2/repository/org/springframework/spring-jdbc/6.1.13/spring-jdbc-6.1.13.jar:/Users/phamngochung/.m2/repository/org/hibernate/orm/hibernate-core/6.4.10.Final/hibernate-core-6.4.10.Final.jar:/Users/phamngochung/.m2/repository/jakarta/persistence/jakarta.persistence-api/3.1.0/jakarta.persistence-api-3.1.0.jar:/Users/phamngochung/.m2/repository/jakarta/transaction/jakarta.transaction-api/2.0.1/jakarta.transaction-api-2.0.1.jar:/Users/phamngochung/.m2/repository/org/jboss/logging/jboss-logging/3.5.3.Final/jboss-logging-3.5.3.Final.jar:/Users/phamngochung/.m2/repository/org/hibernate/common/hibernate-commons-annotations/6.0.6.Final/hibernate-commons-annotations-6.0.6.Final.jar:/Users/phamngochung/.m2/repository/io/smallrye/jandex/3.1.2/jandex-3.1.2.jar:/Users/phamngochung/.m2/repository/com/fasterxml/classmate/1.6.0/classmate-1.6.0.jar:/Users/phamngochung/.m2/repository/org/glassfish/jaxb/jaxb-runtime/4.0.5/jaxb-runtime-4.0.5.jar:/Users/phamngochung/.m2/repository/org/glassfish/jaxb/jaxb-core/4.0.5/jaxb-core-4.0.5.jar:/Users/phamngochung/.m2/repository/org/eclipse/angus/angus-activation/2.0.2/angus-activation-2.0.2.jar:/Users/phamngochung/.m2/repository/org/glassfish/jaxb/txw2/4.0.5/txw2-4.0.5.jar:/Users/phamngochung/.m2/repository/com/sun/istack/istack-commons-runtime/4.1.2/istack-commons-runtime-4.1.2.jar:/Users/phamngochung/.m2/repository/jakarta/inject/jakarta.inject-api/2.0.1/jakarta.inject-api-2.0.1.jar:/Users/phamngochung/.m2/repository/org/antlr/antlr4-runtime/4.13.0/antlr4-runtime-4.13.0.jar:/Users/phamngochung/.m2/repository/org/springframework/data/spring-data-jpa/3.2.10/spring-data-jpa-3.2.10.jar:/Users/phamngochung/.m2/repository/org/springframework/data/spring-data-commons/3.2.10/spring-data-commons-3.2.10.jar:/Users/phamngochung/.m2/repository/org/springframework/spring-orm/6.1.13/spring-orm-6.1.13.jar:/Users/phamngochung/.m2/repository/org/springframework/spring-context/6.1.13/spring-context-6.1.13.jar:/Users/phamngochung/.m2/repository/org/springframework/spring-tx/6.1.13/spring-tx-6.1.13.jar:/Users/phamngochung/.m2/repository/org/springframework/spring-beans/6.1.13/spring-beans-6.1.13.jar:/Users/phamngochung/.m2/repository/jakarta/annotation/jakarta.annotation-api/2.1.1/jakarta.annotation-api-2.1.1.jar:/Users/phamngochung/.m2/repository/org/slf4j/slf4j-api/2.0.16/slf4j-api-2.0.16.jar:/Users/phamngochung/.m2/repository/org/springframework/spring-aspects/6.1.13/spring-aspects-6.1.13.jar:/Users/phamngochung/.m2/repository/com/fasterxml/jackson/datatype/jackson-datatype-jsr310/2.15.4/jackson-datatype-jsr310-2.15.4.jar:/Users/phamngochung/.m2/repository/com/fasterxml/jackson/core/jackson-annotations/2.15.4/jackson-annotations-2.15.4.jar:/Users/phamngochung/.m2/repository/com/fasterxml/jackson/core/jackson-core/2.15.4/jackson-core-2.15.4.jar:/Users/phamngochung/.m2/repository/com/fasterxml/jackson/core/jackson-databind/2.15.4/jackson-databind-2.15.4.jar:/Users/phamngochung/.m2/repository/org/assertj/assertj-core/3.24.2/assertj-core-3.24.2.jar:/Users/phamngochung/.m2/repository/net/bytebuddy/byte-buddy/1.14.19/byte-buddy-1.14.19.jar:/Users/phamngochung/.m2/repository/org/springframework/boot/spring-boot-starter-web/3.2.10/spring-boot-starter-web-3.2.10.jar:/Users/phamngochung/.m2/repository/org/springframework/boot/spring-boot-starter/3.2.10/spring-boot-starter-3.2.10.jar:/Users/phamngochung/.m2/repository/org/springframework/boot/spring-boot/3.2.10/spring-boot-3.2.10.jar:/Users/phamngochung/.m2/repository/org/springframework/boot/spring-boot-autoconfigure/3.2.10/spring-boot-autoconfigure-3.2.10.jar:/Users/phamngochung/.m2/repository/org/springframework/boot/spring-boot-starter-logging/3.2.10/spring-boot-starter-logging-3.2.10.jar:/Users/phamngochung/.m2/repository/ch/qos/logback/logback-classic/1.4.14/logback-classic-1.4.14.jar:/Users/phamngochung/.m2/repository/ch/qos/logback/logback-core/1.4.14/logback-core-1.4.14.jar:/Users/phamngochung/.m2/repository/org/apache/logging/log4j/log4j-to-slf4j/2.21.1/log4j-to-slf4j-2.21.1.jar:/Users/phamngochung/.m2/repository/org/apache/logging/log4j/log4j-api/2.21.1/log4j-api-2.21.1.jar:/Users/phamngochung/.m2/repository/org/slf4j/jul-to-slf4j/2.0.16/jul-to-slf4j-2.0.16.jar:/Users/phamngochung/.m2/repository/org/yaml/snakeyaml/2.2/snakeyaml-2.2.jar:/Users/phamngochung/.m2/repository/org/springframework/boot/spring-boot-starter-json/3.2.10/spring-boot-starter-json-3.2.10.jar:/Users/phamngochung/.m2/repository/com/fasterxml/jackson/datatype/jackson-datatype-jdk8/2.15.4/jackson-datatype-jdk8-2.15.4.jar:/Users/phamngochung/.m2/repository/com/fasterxml/jackson/module/jackson-module-parameter-names/2.15.4/jackson-module-parameter-names-2.15.4.jar:/Users/phamngochung/.m2/repository/org/springframework/boot/spring-boot-starter-tomcat/3.2.10/spring-boot-starter-tomcat-3.2.10.jar:/Users/phamngochung/.m2/repository/org/apache/tomcat/embed/tomcat-embed-core/10.1.30/tomcat-embed-core-10.1.30.jar:/Users/phamngochung/.m2/repository/org/apache/tomcat/embed/tomcat-embed-websocket/10.1.30/tomcat-embed-websocket-10.1.30.jar:/Users/phamngochung/.m2/repository/org/springframework/spring-web/6.1.13/spring-web-6.1.13.jar:/Users/phamngochung/.m2/repository/io/micrometer/micrometer-observation/1.12.10/micrometer-observation-1.12.10.jar:/Users/phamngochung/.m2/repository/io/micrometer/micrometer-commons/1.12.10/micrometer-commons-1.12.10.jar:/Users/phamngochung/.m2/repository/org/springframework/spring-webmvc/6.1.13/spring-webmvc-6.1.13.jar:/Users/phamngochung/.m2/repository/org/springframework/spring-expression/6.1.13/spring-expression-6.1.13.jar:/Users/phamngochung/.m2/repository/org/springframework/boot/spring-boot-starter-oauth2-resource-server/3.2.10/spring-boot-starter-oauth2-resource-server-3.2.10.jar:/Users/phamngochung/.m2/repository/org/springframework/security/spring-security-config/6.2.6/spring-security-config-6.2.6.jar:/Users/phamngochung/.m2/repository/org/springframework/security/spring-security-core/6.2.6/spring-security-core-6.2.6.jar:/Users/phamngochung/.m2/repository/org/springframework/security/spring-security-oauth2-resource-server/6.2.6/spring-security-oauth2-resource-server-6.2.6.jar:/Users/phamngochung/.m2/repository/org/springframework/security/spring-security-oauth2-core/6.2.6/spring-security-oauth2-core-6.2.6.jar:/Users/phamngochung/.m2/repository/org/springframework/security/spring-security-oauth2-jose/6.2.6/spring-security-oauth2-jose-6.2.6.jar:/Users/phamngochung/.m2/repository/com/nimbusds/nimbus-jose-jwt/9.37.3/nimbus-jose-jwt-9.37.3.jar:/Users/phamngochung/.m2/repository/com/github/stephenc/jcip/jcip-annotations/1.0-1/jcip-annotations-1.0-1.jar:/Users/phamngochung/.m2/repository/org/projectlombok/lombok/1.18.30/lombok-1.18.30.jar:/Users/phamngochung/.m2/repository/org/mapstruct/mapstruct/1.5.5.Final/mapstruct-1.5.5.Final.jar:/Users/phamngochung/.m2/repository/org/springframework/boot/spring-boot-starter-validation/3.2.10/spring-boot-starter-validation-3.2.10.jar:/Users/phamngochung/.m2/repository/org/apache/tomcat/embed/tomcat-embed-el/10.1.30/tomcat-embed-el-10.1.30.jar:/Users/phamngochung/.m2/repository/org/hibernate/validator/hibernate-validator/8.0.1.Final/hibernate-validator-8.0.1.Final.jar:/Users/phamngochung/.m2/repository/jakarta/validation/jakarta.validation-api/3.0.2/jakarta.validation-api-3.0.2.jar:/Users/phamngochung/.m2/repository/org/springframework/security/spring-security-crypto/6.2.6/spring-security-crypto-6.2.6.jar:/Users/phamngochung/.m2/repository/com/mysql/mysql-connector-j/8.3.0/mysql-connector-j-8.3.0.jar:/Users/phamngochung/.m2/repository/org/springframework/boot/spring-boot-starter-test/3.2.10/spring-boot-starter-test-3.2.10.jar:/Users/phamngochung/.m2/repository/org/springframework/boot/spring-boot-test/3.2.10/spring-boot-test-3.2.10.jar:/Users/phamngochung/.m2/repository/org/springframework/boot/spring-boot-test-autoconfigure/3.2.10/spring-boot-test-autoconfigure-3.2.10.jar:/Users/phamngochung/.m2/repository/com/jayway/jsonpath/json-path/2.9.0/json-path-2.9.0.jar:/Users/phamngochung/.m2/repository/jakarta/xml/bind/jakarta.xml.bind-api/4.0.2/jakarta.xml.bind-api-4.0.2.jar:/Users/phamngochung/.m2/repository/jakarta/activation/jakarta.activation-api/2.1.3/jakarta.activation-api-2.1.3.jar:/Users/phamngochung/.m2/repository/net/minidev/json-smart/2.5.1/json-smart-2.5.1.jar:/Users/phamngochung/.m2/repository/net/minidev/accessors-smart/2.5.1/accessors-smart-2.5.1.jar:/Users/phamngochung/.m2/repository/org/ow2/asm/asm/9.6/asm-9.6.jar:/Users/phamngochung/.m2/repository/org/awaitility/awaitility/4.2.2/awaitility-4.2.2.jar:/Users/phamngochung/.m2/repository/org/hamcrest/hamcrest/2.2/hamcrest-2.2.jar:/Users/phamngochung/.m2/repository/org/junit/jupiter/junit-jupiter/5.10.3/junit-jupiter-5.10.3.jar:/Users/phamngochung/.m2/repository/org/junit/jupiter/junit-jupiter-api/5.10.3/junit-jupiter-api-5.10.3.jar:/Users/phamngochung/.m2/repository/org/opentest4j/opentest4j/1.3.0/opentest4j-1.3.0.jar:/Users/phamngochung/.m2/repository/org/junit/platform/junit-platform-commons/1.10.3/junit-platform-commons-1.10.3.jar:/Users/phamngochung/.m2/repository/org/apiguardian/apiguardian-api/1.1.2/apiguardian-api-1.1.2.jar:/Users/phamngochung/.m2/repository/org/junit/jupiter/junit-jupiter-params/5.10.3/junit-jupiter-params-5.10.3.jar:/Users/phamngochung/.m2/repository/org/junit/jupiter/junit-jupiter-engine/5.10.3/junit-jupiter-engine-5.10.3.jar:/Users/phamngochung/.m2/repository/org/junit/platform/junit-platform-engine/1.10.3/junit-platform-engine-1.10.3.jar:/Users/phamngochung/.m2/repository/org/mockito/mockito-core/5.7.0/mockito-core-5.7.0.jar:/Users/phamngochung/.m2/repository/net/bytebuddy/byte-buddy-agent/1.14.19/byte-buddy-agent-1.14.19.jar:/Users/phamngochung/.m2/repository/org/objenesis/objenesis/3.3/objenesis-3.3.jar:/Users/phamngochung/.m2/repository/org/mockito/mockito-junit-jupiter/5.7.0/mockito-junit-jupiter-5.7.0.jar:/Users/phamngochung/.m2/repository/org/skyscreamer/jsonassert/1.5.3/jsonassert-1.5.3.jar:/Users/phamngochung/.m2/repository/com/vaadin/external/google/android-json/0.0.20131108.vaadin1/android-json-0.0.20131108.vaadin1.jar:/Users/phamngochung/.m2/repository/org/springframework/spring-core/6.1.13/spring-core-6.1.13.jar:/Users/phamngochung/.m2/repository/org/springframework/spring-jcl/6.1.13/spring-jcl-6.1.13.jar:/Users/phamngochung/.m2/repository/org/springframework/spring-test/6.1.13/spring-test-6.1.13.jar:/Users/phamngochung/.m2/repository/org/xmlunit/xmlunit-core/2.9.1/xmlunit-core-2.9.1.jar:/Users/phamngochung/.m2/repository/org/springframework/security/spring-security-test/6.2.6/spring-security-test-6.2.6.jar:/Users/phamngochung/.m2/repository/org/springframework/security/spring-security-web/6.2.6/spring-security-web-6.2.6.jar:/Users/phamngochung/.m2/repository/com/h2database/h2/2.2.224/h2-2.2.224.jar:/Users/phamngochung/.m2/repository/org/testcontainers/junit-jupiter/1.19.7/junit-jupiter-1.19.7.jar:/Users/phamngochung/.m2/repository/org/testcontainers/testcontainers/1.19.7/testcontainers-1.19.7.jar:/Users/phamngochung/.m2/repository/junit/junit/4.13.2/junit-4.13.2.jar:/Users/phamngochung/.m2/repository/org/hamcrest/hamcrest-core/2.2/hamcrest-core-2.2.jar:/Users/phamngochung/.m2/repository/org/apache/commons/commons-compress/1.24.0/commons-compress-1.24.0.jar:/Users/phamngochung/.m2/repository/org/rnorth/duct-tape/duct-tape/1.0.8/duct-tape-1.0.8.jar:/Users/phamngochung/.m2/repository/org/jetbrains/annotations/17.0.0/annotations-17.0.0.jar:/Users/phamngochung/.m2/repository/com/github/docker-java/docker-java-api/3.3.6/docker-java-api-3.3.6.jar:/Users/phamngochung/.m2/repository/com/github/docker-java/docker-java-transport-zerodep/3.3.6/docker-java-transport-zerodep-3.3.6.jar:/Users/phamngochung/.m2/repository/com/github/docker-java/docker-java-transport/3.3.6/docker-java-transport-3.3.6.jar:/Users/phamngochung/.m2/repository/net/java/dev/jna/jna/5.13.0/jna-5.13.0.jar:/Users/phamngochung/.m2/repository/org/testcontainers/mysql/1.19.7/mysql-1.19.7.jar:/Users/phamngochung/.m2/repository/org/testcontainers/jdbc/1.19.7/jdbc-1.19.7.jar:/Users/phamngochung/.m2/repository/org/testcontainers/database-commons/1.19.7/database-commons-1.19.7.jar:"/>
    <property name="sun.cpu.endian" value="little"/>
    <property name="user.home" value="/Users/phamngochung"/>
    <property name="user.language" value="en"/>
    <property name="java.specification.vendor" value="Oracle Corporation"/>
    <property name="java.version.date" value="2024-07-16"/>
    <property name="java.home" value="/Users/phamngochung/Library/Java/JavaVirtualMachines/openjdk-22.0.2/Contents/Home"/>
    <property name="file.separator" value="/"/>
    <property name="basedir" value="/Users/phamngochung/Downloads/identityservice"/>
    <property name="java.vm.compressedOopsMode" value="Zero based"/>
    <property name="line.separator" value="&#10;"/>
    <property name="java.vm.specification.vendor" value="Oracle Corporation"/>
    <property name="java.specification.name" value="Java Platform API Specification"/>
    <property name="FILE_LOG_CHARSET" value="UTF-8"/>
    <property name="java.awt.headless" value="true"/>
    <property name="apple.awt.application.name" value="ForkedBooter"/>
    <property name="surefire.real.class.path" value="/Users/phamngochung/Downloads/identityservice/target/surefire/surefirebooter-20241004002459681_3.jar"/>
    <property name="sun.management.compiler" value="HotSpot 64-Bit Tiered Compilers"/>
    <property name="ftp.nonProxyHosts" value="local|*.local|169.254/16|*.169.254/16"/>
    <property name="java.runtime.version" value="22.0.2+9-70"/>
    <property name="user.name" value="phamngochung"/>
    <property name="stdout.encoding" value="UTF-8"/>
    <property name="path.separator" value=":"/>
    <property name="os.version" value="13.5.2"/>
    <property name="java.runtime.name" value="OpenJDK Runtime Environment"/>
    <property name="file.encoding" value="UTF-8"/>
    <property name="java.vm.name" value="OpenJDK 64-Bit Server VM"/>
    <property name="localRepository" value="/Users/phamngochung/.m2/repository"/>
    <property name="java.vendor.url.bug" value="https://bugreport.java.com/bugreport/"/>
    <property name="java.io.tmpdir" value="/var/folders/wv/k72qzdv93739fd0sc5c2gsfw0000gn/T/"/>
    <property name="com.zaxxer.hikari.pool_number" value="2"/>
    <property name="java.version" value="22.0.2"/>
    <property name="user.dir" value="/Users/phamngochung/Downloads/identityservice"/>
    <property name="os.arch" value="aarch64"/>
    <property name="java.vm.specification.name" value="Java Virtual Machine Specification"/>
    <property name="PID" value="8727"/>
    <property name="CONSOLE_LOG_CHARSET" value="UTF-8"/>
    <property name="native.encoding" value="UTF-8"/>
    <property name="sonar.projectKey" value="hungpham.identity"/>
    <property name="java.library.path" value="/Users/phamngochung/Library/Java/Extensions:/Library/Java/Extensions:/Network/Library/Java/Extensions:/System/Library/Java/Extensions:/usr/lib/java:."/>
    <property name="java.vm.info" value="mixed mode, sharing"/>
    <property name="stderr.encoding" value="UTF-8"/>
    <property name="java.vendor" value="Oracle Corporation"/>
    <property name="java.vm.version" value="22.0.2+9-70"/>
    <property name="sun.io.unicode.encoding" value="UnicodeBig"/>
    <property name="socksNonProxyHosts" value="local|*.local|169.254/16|*.169.254/16"/>
    <property name="java.class.version" value="66.0"/>
  </properties>
  <testcase name="createUser_validRequest_success" classname="com.hungpham.identityservice.controller.UserControllerIntegrationTest" time="0.124">
    <system-out><![CDATA[2024-10-04T00:25:05.458+07:00  INFO 8727 --- [           main] t.c.s.AnnotationConfigContextLoaderUtils : Could not detect default configuration classes for test class [com.hungpham.identityservice.controller.UserControllerIntegrationTest]: UserControllerIntegrationTest does not declare any static, non-private, non-final, nested classes annotated with @Configuration.
2024-10-04T00:25:05.462+07:00  INFO 8727 --- [           main] .b.t.c.SpringBootTestContextBootstrapper : Found @SpringBootConfiguration com.hungpham.identityservice.IdentityserviceApplication for test class com.hungpham.identityservice.controller.UserControllerIntegrationTest
2024-10-04T00:25:05.487+07:00  INFO 8727 --- [           main] org.testcontainers.images.PullPolicy     : Image pull policy will be performed by: DefaultPullPolicy()
2024-10-04T00:25:05.488+07:00  INFO 8727 --- [           main] o.t.utility.ImageNameSubstitutor         : Image name substitution will be performed by: DefaultImageNameSubstitutor (composite of 'ConfigurationFileImageNameSubstitutor' and 'PrefixingImageNameSubstitutor')
2024-10-04T00:25:05.693+07:00  INFO 8727 --- [           main] o.t.d.DockerClientProviderStrategy       : Loaded org.testcontainers.dockerclient.UnixSocketClientProviderStrategy from ~/.testcontainers.properties, will try it first
2024-10-04T00:25:05.918+07:00  INFO 8727 --- [           main] o.t.d.DockerClientProviderStrategy       : Found Docker environment with local Unix socket (unix:///var/run/docker.sock)
2024-10-04T00:25:05.919+07:00  INFO 8727 --- [           main] org.testcontainers.DockerClientFactory   : Docker host IP address is localhost
2024-10-04T00:25:05.936+07:00  INFO 8727 --- [           main] org.testcontainers.DockerClientFactory   : Connected to docker: 
  Server Version: 20.10.24
  API Version: 1.41
  Operating System: Docker Desktop
  Total Memory: 7851 MB
2024-10-04T00:25:05.960+07:00  INFO 8727 --- [           main] tc.testcontainers/ryuk:0.6.0             : Creating container for image: testcontainers/ryuk:0.6.0
2024-10-04T00:25:06.239+07:00  INFO 8727 --- [           main] o.t.utility.RegistryAuthLocator          : Credential helper/store (docker-credential-desktop) does not have credentials for https://index.docker.io/v1/
2024-10-04T00:25:06.342+07:00  INFO 8727 --- [           main] tc.testcontainers/ryuk:0.6.0             : Container testcontainers/ryuk:0.6.0 is starting: 9838b25d8d50c4165a84891bac4d7d8b3477e7fd9940a3d95d1a0aeebe896394
2024-10-04T00:25:06.713+07:00  INFO 8727 --- [           main] tc.testcontainers/ryuk:0.6.0             : Container testcontainers/ryuk:0.6.0 started in PT0.753516S
2024-10-04T00:25:06.720+07:00  INFO 8727 --- [           main] o.t.utility.RyukResourceReaper           : Ryuk started - will monitor and terminate Testcontainers containers on JVM exit
2024-10-04T00:25:06.720+07:00  INFO 8727 --- [           main] org.testcontainers.DockerClientFactory   : Checking the system...
2024-10-04T00:25:06.720+07:00  INFO 8727 --- [           main] org.testcontainers.DockerClientFactory   : ✔︎ Docker server version should be at least 1.6.0
2024-10-04T00:25:06.723+07:00  INFO 8727 --- [           main] tc.mysql:latest                          : Creating container for image: mysql:latest
2024-10-04T00:25:06.843+07:00  INFO 8727 --- [           main] tc.mysql:latest                          : Container mysql:latest is starting: cda8f6cc5b2da7572fd5c669dc454f7ee693f222823c62bb71facd137f7ef302
2024-10-04T00:25:07.066+07:00  INFO 8727 --- [           main] tc.mysql:latest                          : Waiting for database connection to become available at jdbc:mysql://localhost:54270/test using query 'SELECT 1'
2024-10-04T00:25:14.857+07:00  INFO 8727 --- [           main] tc.mysql:latest                          : Container mysql:latest started in PT8.134694S
2024-10-04T00:25:14.858+07:00  INFO 8727 --- [           main] tc.mysql:latest                          : Container is started (JDBC URL: jdbc:mysql://localhost:54270/test)

  .   ____          _            __ _ _
 /\\ / ___'_ __ _ _(_)_ __  __ _ \ \ \ \
( ( )\___ | '_ | '_| | '_ \/ _` | \ \ \ \
 \\/  ___)| |_)| | | | | || (_| |  ) ) ) )
  '  |____| .__|_| |_|_| |_\__, | / / / /
 =========|_|==============|___/=/_/_/_/
 :: Spring Boot ::               (v3.2.10)

2024-10-04T00:25:14.873+07:00  INFO 8727 --- [           main] c.h.i.c.UserControllerIntegrationTest    : Starting UserControllerIntegrationTest using Java 22.0.2 with PID 8727 (started by phamngochung in /Users/phamngochung/Downloads/identityservice)
2024-10-04T00:25:14.874+07:00  INFO 8727 --- [           main] c.h.i.c.UserControllerIntegrationTest    : No active profile set, falling back to 1 default profile: "default"
2024-10-04T00:25:14.973+07:00  INFO 8727 --- [           main] .s.d.r.c.RepositoryConfigurationDelegate : Bootstrapping Spring Data JPA repositories in DEFAULT mode.
2024-10-04T00:25:14.981+07:00  INFO 8727 --- [           main] .s.d.r.c.RepositoryConfigurationDelegate : Finished Spring Data repository scanning in 7 ms. Found 4 JPA repository interfaces.
2024-10-04T00:25:15.039+07:00  INFO 8727 --- [           main] o.hibernate.jpa.internal.util.LogHelper  : HHH000204: Processing PersistenceUnitInfo [name: default]
2024-10-04T00:25:15.040+07:00  INFO 8727 --- [           main] o.h.c.internal.RegionFactoryInitiator    : HHH000026: Second-level cache disabled
2024-10-04T00:25:15.042+07:00  INFO 8727 --- [           main] o.s.o.j.p.SpringPersistenceUnitInfo      : No LoadTimeWeaver setup: ignoring JPA class transformer
2024-10-04T00:25:15.042+07:00  INFO 8727 --- [           main] com.zaxxer.hikari.HikariDataSource       : HikariPool-2 - Starting...
2024-10-04T00:25:15.144+07:00  INFO 8727 --- [           main] com.zaxxer.hikari.pool.HikariPool        : HikariPool-2 - Added connection com.mysql.cj.jdbc.ConnectionImpl@873e790
2024-10-04T00:25:15.144+07:00  INFO 8727 --- [           main] com.zaxxer.hikari.HikariDataSource       : HikariPool-2 - Start completed.
2024-10-04T00:25:15.234+07:00  INFO 8727 --- [           main] o.h.e.t.j.p.i.JtaPlatformInitiator       : HHH000489: No JTA platform available (set 'hibernate.transaction.jta.platform' to enable JTA platform integration)
Hibernate: create table invalidated_token (id varchar(255) not null, expiry_time datetime(6), primary key (id)) engine=InnoDB
Hibernate: create table permission (name varchar(255) not null, description varchar(255), primary key (name)) engine=InnoDB
Hibernate: create table role (name varchar(255) not null, description varchar(255), primary key (name)) engine=InnoDB
Hibernate: create table role_permissions (role_name varchar(255) not null, permissions_name varchar(255) not null, primary key (role_name, permissions_name)) engine=InnoDB
Hibernate: create table user (id varchar(255) not null, dob date, first_name varchar(255), last_name varchar(255), password varchar(255), username varchar(255), primary key (id)) engine=InnoDB
Hibernate: create table user_roles (user_id varchar(255) not null, roles_name varchar(255) not null, primary key (user_id, roles_name)) engine=InnoDB
Hibernate: alter table role_permissions add constraint FKf5aljih4mxtdgalvr7xvngfn1 foreign key (permissions_name) references permission (name)
Hibernate: alter table role_permissions add constraint FKcppvu8fk24eqqn6q4hws7ajux foreign key (role_name) references role (name)
Hibernate: alter table user_roles add constraint FK6pmbiap985ue1c0qjic44pxlc foreign key (roles_name) references role (name)
Hibernate: alter table user_roles add constraint FK55itppkw3i07do3h7qoclqd4k foreign key (user_id) references user (id)
2024-10-04T00:25:15.412+07:00  INFO 8727 --- [           main] j.LocalContainerEntityManagerFactoryBean : Initialized JPA EntityManagerFactory for persistence unit 'default'
2024-10-04T00:25:15.467+07:00  INFO 8727 --- [           main] c.h.i.c.ApplicationInitConfig            : Init application...
2024-10-04T00:25:15.479+07:00  WARN 8727 --- [           main] JpaBaseConfiguration$JpaWebConfiguration : spring.jpa.open-in-view is enabled by default. Therefore, database queries may be performed during view rendering. Explicitly configure spring.jpa.open-in-view to disable this warning
2024-10-04T00:25:15.532+07:00  INFO 8727 --- [           main] o.s.s.web.DefaultSecurityFilterChain     : Will secure any request with [org.springframework.security.web.session.DisableEncodeUrlFilter@e78c128, org.springframework.security.web.context.request.async.WebAsyncManagerIntegrationFilter@5ac3e5dd, org.springframework.security.web.context.SecurityContextHolderFilter@1c50025f, org.springframework.security.web.header.HeaderWriterFilter@3491786a, org.springframework.security.web.authentication.logout.LogoutFilter@3dbeb861, org.springframework.security.oauth2.server.resource.web.authentication.BearerTokenAuthenticationFilter@464d1430, org.springframework.security.web.savedrequest.RequestCacheAwareFilter@5bce8cea, org.springframework.security.web.servletapi.SecurityContextHolderAwareRequestFilter@1e8d7d6b, org.springframework.security.web.authentication.AnonymousAuthenticationFilter@610cc9af, org.springframework.security.web.access.ExceptionTranslationFilter@57625c84, org.springframework.security.web.access.intercept.AuthorizationFilter@67ab8be9]
2024-10-04T00:25:15.595+07:00  INFO 8727 --- [           main] o.s.b.t.m.w.SpringBootMockServletContext : Initializing Spring TestDispatcherServlet ''
2024-10-04T00:25:15.595+07:00  INFO 8727 --- [           main] o.s.t.web.servlet.TestDispatcherServlet  : Initializing Servlet ''
2024-10-04T00:25:15.595+07:00  INFO 8727 --- [           main] o.s.t.web.servlet.TestDispatcherServlet  : Completed initialization in 0 ms
2024-10-04T00:25:15.600+07:00  INFO 8727 --- [           main] c.h.i.c.UserControllerIntegrationTest    : Started UserControllerIntegrationTest in 0.74 seconds (process running for 15.883)
Hibernate: select u1_0.id,u1_0.dob,u1_0.first_name,u1_0.last_name,u1_0.password,u1_0.username from user u1_0 where u1_0.username=?
Hibernate: insert into user (dob,first_name,last_name,password,username,id) values (?,?,?,?,?,?)
2024-10-04T00:25:15.844+07:00  WARN 8727 --- [           main] c.h.i.c.ApplicationInitConfig            : admin user has been created with default password admin, please change it
2024-10-04T00:25:15.856+07:00  INFO 8727 --- [           main] c.h.i.controller.UserController          : Controller: create user
2024-10-04T00:25:15.856+07:00  INFO 8727 --- [           main] c.h.identityservice.service.UserService  : Service: create user
Hibernate: select u1_0.id from user u1_0 where u1_0.username=? limit ?
Hibernate: select r1_0.name,r1_0.description from role r1_0 where r1_0.name=?
Hibernate: insert into user (dob,first_name,last_name,password,username,id) values (?,?,?,?,?,?)
2024-10-04T00:25:15.968+07:00  INFO 8727 --- [           main] c.h.i.c.UserControllerIntegrationTest    : Result: {"code":1000,"result":{"id":"a66e8697-2033-443d-aeac-4b2893fcb9a4","username":"john","firstName":"John","lastName":"Doe","dob":"1990-01-01","roles":[]}}
]]></system-out>
  </testcase>
</testsuite>